/Applications/CLion.app/Contents/bin/cmake/mac/bin/cmake -DCMAKE_BUILD_TYPE=Debug -DCMAKE_MAKE_PROGRAM=/usr/bin/gcc -DCMAKE_C_COMPILER=/usr/bin/gcc -DCMAKE_CXX_COMPILER=/usr/bin/gcc -G "CodeBlocks - Unix Makefiles" -S /Users/chimmyhuang/workspace/study-csapp -B /Users/chimmyhuang/workspace/study-csapp/cmake-build-debug
-- The C compiler identification is AppleClang 15.0.0.15000100
-- Detecting C compiler ABI info
-- Detecting C compiler ABI info - failed
-- Check for working C compiler: /usr/bin/gcc
-- Check for working C compiler: /usr/bin/gcc - broken
CMake Error at /Applications/CLion.app/Contents/bin/cmake/mac/share/cmake-3.24/Modules/CMakeTestCCompiler.cmake:69 (message):
  The C compiler

    "/usr/bin/gcc"

  is not able to compile a simple test program.

  It fails with the following output:

    Change Dir: /Users/chimmyhuang/workspace/study-csapp/cmake-build-debug/CMakeFiles/CMakeTmp
    
    Run Build Command(s):/usr/bin/gcc -f Makefile cmTC_2ea5a/fast && clang: error: unknown argument: '-f'
    clang: error: no such file or directory: 'cmTC_2ea5a/fast'
    
    

  

  CMake will not be able to correctly generate this project.
Call Stack (most recent call first):
  CMakeLists.txt:2 (project)


-- Configuring incomplete, errors occurred!
See also "/Users/chimmyhuang/workspace/study-csapp/cmake-build-debug/CMakeFiles/CMakeOutput.log".
See also "/Users/chimmyhuang/workspace/study-csapp/cmake-build-debug/CMakeFiles/CMakeError.log".
